
*** Running vivado
    with args -log Datapath.vdi -applog -m64 -product Vivado -messageDb vivado.pb -mode batch -source Datapath.tcl -notrace


****** Vivado v2019.2 (64-bit)
  **** SW Build 2708876 on Wed Nov  6 21:40:23 MST 2019
  **** IP Build 2700528 on Thu Nov  7 00:09:20 MST 2019
    ** Copyright 1986-2019 Xilinx, Inc. All Rights Reserved.

source Datapath.tcl -notrace
Command: link_design -top Datapath -part xc7z010clg400-1
Design is defaulting to srcset: sources_1
Design is defaulting to constrset: constrs_1
INFO: [Device 21-403] Loading part xc7z010clg400-1
Netlist sorting complete. Time (s): cpu = 00:00:00 ; elapsed = 00:00:00.018 . Memory (MB): peak = 606.461 ; gain = 0.000
INFO: [Netlist 29-17] Analyzing 50 Unisim elements for replacement
INFO: [Netlist 29-28] Unisim Transformation completed in 0 CPU seconds
INFO: [Project 1-479] Netlist was created with Vivado 2019.2
INFO: [Project 1-570] Preparing netlist for logic optimization
Netlist sorting complete. Time (s): cpu = 00:00:00 ; elapsed = 00:00:00.001 . Memory (MB): peak = 691.523 ; gain = 0.000
INFO: [Project 1-111] Unisim Transformation Summary:
  A total of 32 instances were transformed.
  RAM64X1S => RAM64X1S (inverted pins: WCLK) (RAMS64E): 32 instances

6 Infos, 0 Warnings, 0 Critical Warnings and 0 Errors encountered.
link_design completed successfully
link_design: Time (s): cpu = 00:00:08 ; elapsed = 00:00:09 . Memory (MB): peak = 691.523 ; gain = 381.871
Command: opt_design
Attempting to get a license for feature 'Implementation' and/or device 'xc7z010'
INFO: [Common 17-349] Got license for feature 'Implementation' and/or device 'xc7z010'
Running DRC as a precondition to command opt_design

Starting DRC Task
INFO: [DRC 23-27] Running DRC with 2 threads
INFO: [Project 1-461] DRC finished with 0 Errors
INFO: [Project 1-462] Please refer to the DRC report (report_drc) for more information.

Time (s): cpu = 00:00:01 ; elapsed = 00:00:01 . Memory (MB): peak = 742.066 ; gain = 50.469

Starting Cache Timing Information Task
INFO: [Timing 38-35] Done setting XDC timing constraints.
Ending Cache Timing Information Task | Checksum: 101b06676

Time (s): cpu = 00:00:12 ; elapsed = 00:00:12 . Memory (MB): peak = 1269.305 ; gain = 527.238

Starting Logic Optimization Task

Phase 1 Retarget
INFO: [Opt 31-138] Pushed 0 inverter(s) to 0 load pin(s).
INFO: [Opt 31-49] Retargeted 0 cell(s).
Phase 1 Retarget | Checksum: 101b06676

Time (s): cpu = 00:00:00 ; elapsed = 00:00:00.154 . Memory (MB): peak = 1462.121 ; gain = 0.000
INFO: [Opt 31-389] Phase Retarget created 0 cells and removed 0 cells

Phase 2 Constant propagation
INFO: [Opt 31-138] Pushed 0 inverter(s) to 0 load pin(s).
Phase 2 Constant propagation | Checksum: 101b06676

Time (s): cpu = 00:00:00 ; elapsed = 00:00:00.170 . Memory (MB): peak = 1462.121 ; gain = 0.000
INFO: [Opt 31-389] Phase Constant propagation created 0 cells and removed 0 cells

Phase 3 Sweep
Phase 3 Sweep | Checksum: ac01ea09

Time (s): cpu = 00:00:01 ; elapsed = 00:00:00.734 . Memory (MB): peak = 1462.121 ; gain = 0.000
INFO: [Opt 31-389] Phase Sweep created 164 cells and removed 0 cells

Phase 4 BUFG optimization
INFO: [Opt 31-1112] Starts optimizing BUFG(s) with a common MMCM/DPLL/XPLL driver.
INFO: [Opt 31-1112] Starts optimizing BUFG(s) with a common driver.
INFO: [Opt 31-1092] Phase BUFG optimization transformed 0 BUFG(s) to MBUFG(s).
Phase 4 BUFG optimization | Checksum: ac01ea09

Time (s): cpu = 00:00:01 ; elapsed = 00:00:00.831 . Memory (MB): peak = 1462.121 ; gain = 0.000
INFO: [Opt 31-662] Phase BUFG optimization created 0 cells of which 0 are BUFGs and removed 0 cells.

Phase 5 Shift Register Optimization
INFO: [Opt 31-1064] SRL Remap converted 0 SRLs to 0 registers and converted 0 registers of register chains to 0 SRLs
Phase 5 Shift Register Optimization | Checksum: ac01ea09

Time (s): cpu = 00:00:01 ; elapsed = 00:00:00.863 . Memory (MB): peak = 1462.121 ; gain = 0.000
INFO: [Opt 31-389] Phase Shift Register Optimization created 0 cells and removed 0 cells

Phase 6 Post Processing Netlist
Phase 6 Post Processing Netlist | Checksum: ac01ea09

Time (s): cpu = 00:00:01 ; elapsed = 00:00:00.875 . Memory (MB): peak = 1462.121 ; gain = 0.000
INFO: [Opt 31-389] Phase Post Processing Netlist created 0 cells and removed 0 cells
Opt_design Change Summary
=========================


-------------------------------------------------------------------------------------------------------------------------
|  Phase                        |  #Cells created  |  #Cells Removed  |  #Constrained objects preventing optimizations  |
-------------------------------------------------------------------------------------------------------------------------
|  Retarget                     |               0  |               0  |                                              0  |
|  Constant propagation         |               0  |               0  |                                              0  |
|  Sweep                        |             164  |               0  |                                              0  |
|  BUFG optimization            |               0  |               0  |                                              0  |
|  Shift Register Optimization  |               0  |               0  |                                              0  |
|  Post Processing Netlist      |               0  |               0  |                                              0  |
-------------------------------------------------------------------------------------------------------------------------



Starting Connectivity Check Task

Time (s): cpu = 00:00:00 ; elapsed = 00:00:00.003 . Memory (MB): peak = 1462.121 ; gain = 0.000
Ending Logic Optimization Task | Checksum: 17fc754e5

Time (s): cpu = 00:00:01 ; elapsed = 00:00:00.996 . Memory (MB): peak = 1462.121 ; gain = 0.000

Starting Power Optimization Task
INFO: [Pwropt 34-132] Skipping clock gating for clocks with a period < 2.00 ns.
INFO: [Pwropt 34-9] Applying IDT optimizations ...
INFO: [Pwropt 34-10] Applying ODC optimizations ...
INFO: [Timing 38-35] Done setting XDC timing constraints.
INFO: [Physopt 32-619] Estimated Timing Summary | WNS=0.000 | TNS=0.000 |
WARNING: [Power 33-232] No user defined clocks were found in the design! Power estimation will be inaccurate until this is corrected.
Resolution: Please specify clocks using create_clock/create_generated_clock for sequential elements. For pure combinatorial circuits, please specify a virtual clock, otherwise the vectorless estimation might be inaccurate
Running Vector-less Activity Propagation...

Finished Running Vector-less Activity Propagation


Starting PowerOpt Patch Enables Task
INFO: [Pwropt 34-162] WRITE_MODE attribute of 0 BRAM(s) out of a total of 2 has been updated to save power. Run report_power_opt to get a complete listing of the BRAMs updated.
INFO: [Pwropt 34-201] Structural ODC has moved 0 WE to EN ports
Number of BRAM Ports augmented: 0 newly gated: 0 Total Ports: 4
Ending PowerOpt Patch Enables Task | Checksum: 17fc754e5

Time (s): cpu = 00:00:00 ; elapsed = 00:00:00.026 . Memory (MB): peak = 1611.617 ; gain = 0.000
Ending Power Optimization Task | Checksum: 17fc754e5

Time (s): cpu = 00:00:03 ; elapsed = 00:00:03 . Memory (MB): peak = 1611.617 ; gain = 149.496

Starting Final Cleanup Task
Ending Final Cleanup Task | Checksum: 17fc754e5

Time (s): cpu = 00:00:00 ; elapsed = 00:00:00.001 . Memory (MB): peak = 1611.617 ; gain = 0.000

Starting Netlist Obfuscation Task
Netlist sorting complete. Time (s): cpu = 00:00:00 ; elapsed = 00:00:00.001 . Memory (MB): peak = 1611.617 ; gain = 0.000
Ending Netlist Obfuscation Task | Checksum: 17fc754e5

Time (s): cpu = 00:00:00 ; elapsed = 00:00:00.001 . Memory (MB): peak = 1611.617 ; gain = 0.000
INFO: [Common 17-83] Releasing license: Implementation
32 Infos, 1 Warnings, 0 Critical Warnings and 0 Errors encountered.
opt_design completed successfully
opt_design: Time (s): cpu = 00:00:20 ; elapsed = 00:00:21 . Memory (MB): peak = 1611.617 ; gain = 920.094
Netlist sorting complete. Time (s): cpu = 00:00:00 ; elapsed = 00:00:00.001 . Memory (MB): peak = 1611.617 ; gain = 0.000
WARNING: [Constraints 18-5210] No constraints selected for write.
Resolution: This message can indicate that there are no constraints for the design, or it can indicate that the used_in flags are set such that the constraints are ignored. This later case is used when running synth_design to not write synthesis constraints to the resulting checkpoint. Instead, project constraints are read when the synthesized design is opened.
INFO: [Common 17-1381] The checkpoint 'C:/Users/dylco/OneDrive/Desktop/classes/Spring2022Sem/cmpen331/Lab5/Lab5/Lab5.runs/impl_1/Datapath_opt.dcp' has been generated.
INFO: [runtcl-4] Executing : report_drc -file Datapath_drc_opted.rpt -pb Datapath_drc_opted.pb -rpx Datapath_drc_opted.rpx
Command: report_drc -file Datapath_drc_opted.rpt -pb Datapath_drc_opted.pb -rpx Datapath_drc_opted.rpx
INFO: [IP_Flow 19-234] Refreshing IP repositories
INFO: [IP_Flow 19-1704] No user IP repositories specified
INFO: [IP_Flow 19-2313] Loaded Vivado IP repository 'C:/Xilinx/Vivado/2019.2/data/ip'.
INFO: [DRC 23-27] Running DRC with 2 threads
INFO: [Coretcl 2-168] The results of DRC are in file C:/Users/dylco/OneDrive/Desktop/classes/Spring2022Sem/cmpen331/Lab5/Lab5/Lab5.runs/impl_1/Datapath_drc_opted.rpt.
report_drc completed successfully
Command: place_design
Attempting to get a license for feature 'Implementation' and/or device 'xc7z010'
INFO: [Common 17-349] Got license for feature 'Implementation' and/or device 'xc7z010'
INFO: [DRC 23-27] Running DRC with 2 threads
INFO: [Vivado_Tcl 4-198] DRC finished with 0 Errors
INFO: [Vivado_Tcl 4-199] Please refer to the DRC report (report_drc) for more information.
Running DRC as a precondition to command place_design
INFO: [DRC 23-27] Running DRC with 2 threads
INFO: [Vivado_Tcl 4-198] DRC finished with 0 Errors
INFO: [Vivado_Tcl 4-199] Please refer to the DRC report (report_drc) for more information.

Starting Placer Task
INFO: [Place 30-611] Multithreading enabled for place_design using a maximum of 2 CPUs

Phase 1 Placer Initialization

Phase 1.1 Placer Initialization Netlist Sorting
Netlist sorting complete. Time (s): cpu = 00:00:00 ; elapsed = 00:00:00 . Memory (MB): peak = 1611.617 ; gain = 0.000
Phase 1.1 Placer Initialization Netlist Sorting | Checksum: de9be3a3

Time (s): cpu = 00:00:00 ; elapsed = 00:00:00.014 . Memory (MB): peak = 1611.617 ; gain = 0.000
Netlist sorting complete. Time (s): cpu = 00:00:00 ; elapsed = 00:00:00.001 . Memory (MB): peak = 1611.617 ; gain = 0.000

Phase 1.2 IO Placement/ Clock Placement/ Build Placer Device
ERROR: [Place 30-415] IO Placement failed due to overutilization. This design contains 445 I/O ports
 while the target  device: 7z010 package: clg400, contains only 230 available user I/O. The target device has 230 usable I/O pins of which 0 are already occupied by user-locked I/Os.
 To rectify this issue:
 1. Ensure you are targeting the correct device and package.  Select a larger device or different package if necessary.
 2. Check the top-level ports of the design to ensure the correct number of ports are specified.
 3. Consider design changes to reduce the number of I/Os necessary.
INFO: [Timing 38-35] Done setting XDC timing constraints.
ERROR: [Place 30-68] Instance b_OBUF[0]_inst (OBUF) is not placed
ERROR: [Place 30-68] Instance b_OBUF[10]_inst (OBUF) is not placed
ERROR: [Place 30-68] Instance b_OBUF[11]_inst (OBUF) is not placed
ERROR: [Place 30-68] Instance b_OBUF[12]_inst (OBUF) is not placed
ERROR: [Place 30-68] Instance b_OBUF[13]_inst (OBUF) is not placed
ERROR: [Place 30-68] Instance b_OBUF[14]_inst (OBUF) is not placed
ERROR: [Place 30-68] Instance b_OBUF[15]_inst (OBUF) is not placed
ERROR: [Place 30-68] Instance b_OBUF[16]_inst (OBUF) is not placed
ERROR: [Place 30-68] Instance b_OBUF[17]_inst (OBUF) is not placed
ERROR: [Place 30-68] Instance b_OBUF[18]_inst (OBUF) is not placed
ERROR: [Place 30-68] Instance b_OBUF[19]_inst (OBUF) is not placed
ERROR: [Place 30-68] Instance b_OBUF[1]_inst (OBUF) is not placed
ERROR: [Place 30-68] Instance b_OBUF[20]_inst (OBUF) is not placed
ERROR: [Place 30-68] Instance b_OBUF[21]_inst (OBUF) is not placed
ERROR: [Place 30-68] Instance b_OBUF[22]_inst (OBUF) is not placed
ERROR: [Place 30-68] Instance b_OBUF[23]_inst (OBUF) is not placed
ERROR: [Place 30-68] Instance b_OBUF[24]_inst (OBUF) is not placed
ERROR: [Place 30-68] Instance b_OBUF[25]_inst (OBUF) is not placed
ERROR: [Place 30-68] Instance b_OBUF[26]_inst (OBUF) is not placed
ERROR: [Place 30-68] Instance b_OBUF[27]_inst (OBUF) is not placed
ERROR: [Place 30-68] Instance b_OBUF[28]_inst (OBUF) is not placed
ERROR: [Place 30-68] Instance b_OBUF[29]_inst (OBUF) is not placed
ERROR: [Place 30-68] Instance b_OBUF[2]_inst (OBUF) is not placed
ERROR: [Place 30-68] Instance b_OBUF[30]_inst (OBUF) is not placed
ERROR: [Place 30-68] Instance b_OBUF[31]_inst (OBUF) is not placed
ERROR: [Place 30-68] Instance b_OBUF[3]_inst (OBUF) is not placed
ERROR: [Place 30-68] Instance b_OBUF[4]_inst (OBUF) is not placed
ERROR: [Place 30-68] Instance b_OBUF[5]_inst (OBUF) is not placed
ERROR: [Place 30-68] Instance b_OBUF[6]_inst (OBUF) is not placed
ERROR: [Place 30-68] Instance b_OBUF[7]_inst (OBUF) is not placed
ERROR: [Place 30-68] Instance b_OBUF[8]_inst (OBUF) is not placed
ERROR: [Place 30-68] Instance b_OBUF[9]_inst (OBUF) is not placed
ERROR: [Place 30-68] Instance clk_IBUF_BUFG_inst (BUFG) is not placed
ERROR: [Place 30-68] Instance clk_IBUF_inst (IBUF) is not placed
ERROR: [Place 30-68] Instance dinstOut_OBUF[0]_inst (OBUF) is not placed
ERROR: [Place 30-68] Instance dinstOut_OBUF[10]_inst (OBUF) is not placed
ERROR: [Place 30-68] Instance dinstOut_OBUF[11]_inst (OBUF) is not placed
ERROR: [Place 30-68] Instance dinstOut_OBUF[12]_inst (OBUF) is not placed
ERROR: [Place 30-68] Instance dinstOut_OBUF[13]_inst (OBUF) is not placed
ERROR: [Place 30-68] Instance dinstOut_OBUF[14]_inst (OBUF) is not placed
ERROR: [Place 30-68] Instance dinstOut_OBUF[15]_inst (OBUF) is not placed
ERROR: [Place 30-68] Instance dinstOut_OBUF[16]_inst (OBUF) is not placed
ERROR: [Place 30-68] Instance dinstOut_OBUF[17]_inst (OBUF) is not placed
ERROR: [Place 30-68] Instance dinstOut_OBUF[18]_inst (OBUF) is not placed
ERROR: [Place 30-68] Instance dinstOut_OBUF[19]_inst (OBUF) is not placed
ERROR: [Place 30-68] Instance dinstOut_OBUF[1]_inst (OBUF) is not placed
ERROR: [Place 30-68] Instance dinstOut_OBUF[20]_inst (OBUF) is not placed
ERROR: [Place 30-68] Instance dinstOut_OBUF[21]_inst (OBUF) is not placed
ERROR: [Place 30-68] Instance dinstOut_OBUF[22]_inst (OBUF) is not placed
ERROR: [Place 30-68] Instance dinstOut_OBUF[23]_inst (OBUF) is not placed
ERROR: [Place 30-68] Instance dinstOut_OBUF[24]_inst (OBUF) is not placed
ERROR: [Place 30-68] Instance dinstOut_OBUF[25]_inst (OBUF) is not placed
ERROR: [Place 30-68] Instance dinstOut_OBUF[26]_inst (OBUF) is not placed
ERROR: [Place 30-68] Instance dinstOut_OBUF[27]_inst (OBUF) is not placed
ERROR: [Place 30-68] Instance dinstOut_OBUF[28]_inst (OBUF) is not placed
ERROR: [Place 30-68] Instance dinstOut_OBUF[29]_inst (OBUF) is not placed
ERROR: [Place 30-68] Instance dinstOut_OBUF[2]_inst (OBUF) is not placed
ERROR: [Place 30-68] Instance dinstOut_OBUF[30]_inst (OBUF) is not placed
ERROR: [Place 30-68] Instance dinstOut_OBUF[31]_inst (OBUF) is not placed
ERROR: [Place 30-68] Instance dinstOut_OBUF[3]_inst (OBUF) is not placed
ERROR: [Place 30-68] Instance dinstOut_OBUF[4]_inst (OBUF) is not placed
ERROR: [Place 30-68] Instance dinstOut_OBUF[5]_inst (OBUF) is not placed
ERROR: [Place 30-68] Instance dinstOut_OBUF[6]_inst (OBUF) is not placed
ERROR: [Place 30-68] Instance dinstOut_OBUF[7]_inst (OBUF) is not placed
ERROR: [Place 30-68] Instance dinstOut_OBUF[8]_inst (OBUF) is not placed
ERROR: [Place 30-68] Instance dinstOut_OBUF[9]_inst (OBUF) is not placed
ERROR: [Place 30-68] Instance ealuc_OBUF[0]_inst (OBUF) is not placed
ERROR: [Place 30-68] Instance ealuc_OBUF[1]_inst (OBUF) is not placed
ERROR: [Place 30-68] Instance ealuc_OBUF[2]_inst (OBUF) is not placed
ERROR: [Place 30-68] Instance ealuc_OBUF[3]_inst (OBUF) is not placed
ERROR: [Place 30-68] Instance ealuimm_OBUF_inst (OBUF) is not placed
ERROR: [Place 30-68] Instance edestReg_OBUF[0]_inst (OBUF) is not placed
ERROR: [Place 30-68] Instance edestReg_OBUF[1]_inst (OBUF) is not placed
ERROR: [Place 30-68] Instance edestReg_OBUF[2]_inst (OBUF) is not placed
ERROR: [Place 30-68] Instance edestReg_OBUF[3]_inst (OBUF) is not placed
ERROR: [Place 30-68] Instance edestReg_OBUF[4]_inst (OBUF) is not placed
ERROR: [Place 30-68] Instance eimm32_OBUF[0]_inst (OBUF) is not placed
ERROR: [Place 30-68] Instance eimm32_OBUF[10]_inst (OBUF) is not placed
ERROR: [Place 30-68] Instance eimm32_OBUF[11]_inst (OBUF) is not placed
ERROR: [Place 30-68] Instance eimm32_OBUF[12]_inst (OBUF) is not placed
ERROR: [Place 30-68] Instance eimm32_OBUF[13]_inst (OBUF) is not placed
ERROR: [Place 30-68] Instance eimm32_OBUF[14]_inst (OBUF) is not placed
ERROR: [Place 30-68] Instance eimm32_OBUF[15]_inst (OBUF) is not placed
ERROR: [Place 30-68] Instance eimm32_OBUF[16]_inst (OBUF) is not placed
ERROR: [Place 30-68] Instance eimm32_OBUF[17]_inst (OBUF) is not placed
ERROR: [Place 30-68] Instance eimm32_OBUF[18]_inst (OBUF) is not placed
ERROR: [Place 30-68] Instance eimm32_OBUF[19]_inst (OBUF) is not placed
ERROR: [Place 30-68] Instance eimm32_OBUF[1]_inst (OBUF) is not placed
ERROR: [Place 30-68] Instance eimm32_OBUF[20]_inst (OBUF) is not placed
ERROR: [Place 30-68] Instance eimm32_OBUF[21]_inst (OBUF) is not placed
ERROR: [Place 30-68] Instance eimm32_OBUF[22]_inst (OBUF) is not placed
ERROR: [Place 30-68] Instance eimm32_OBUF[23]_inst (OBUF) is not placed
ERROR: [Place 30-68] Instance eimm32_OBUF[24]_inst (OBUF) is not placed
ERROR: [Place 30-68] Instance eimm32_OBUF[25]_inst (OBUF) is not placed
ERROR: [Place 30-68] Instance eimm32_OBUF[26]_inst (OBUF) is not placed
ERROR: [Place 30-68] Instance eimm32_OBUF[27]_inst (OBUF) is not placed
ERROR: [Place 30-68] Instance eimm32_OBUF[28]_inst (OBUF) is not placed
ERROR: [Place 30-68] Instance eimm32_OBUF[29]_inst (OBUF) is not placed
ERROR: [Place 30-68] Instance eimm32_OBUF[2]_inst (OBUF) is not placed
ERROR: [Place 30-68] Instance eimm32_OBUF[30]_inst (OBUF) is not placed
INFO: [Common 17-14] Message 'Place 30-68' appears 100 times and further instances of the messages will be disabled. Use the Tcl command set_msg_config to change the current settings.
Phase 1.2 IO Placement/ Clock Placement/ Build Placer Device | Checksum: af1022b1

Time (s): cpu = 00:00:01 ; elapsed = 00:00:01 . Memory (MB): peak = 1611.617 ; gain = 0.000
Phase 1 Placer Initialization | Checksum: af1022b1

Time (s): cpu = 00:00:01 ; elapsed = 00:00:01 . Memory (MB): peak = 1611.617 ; gain = 0.000
ERROR: [Place 30-99] Placer failed with error: 'IO Clock Placer failed'
Please review all ERROR, CRITICAL WARNING, and WARNING messages during placement to understand the cause for failure.
Ending Placer Task | Checksum: af1022b1

Time (s): cpu = 00:00:01 ; elapsed = 00:00:01 . Memory (MB): peak = 1611.617 ; gain = 0.000
INFO: [Common 17-83] Releasing license: Implementation
50 Infos, 2 Warnings, 0 Critical Warnings and 103 Errors encountered.
place_design failed
ERROR: [Common 17-69] Command failed: Placer could not place all instances
INFO: [Common 17-206] Exiting Vivado at Sat Apr  9 14:19:00 2022...

*** Running vivado
    with args -log Datapath.vdi -applog -m64 -product Vivado -messageDb vivado.pb -mode batch -source Datapath.tcl -notrace


****** Vivado v2019.2 (64-bit)
  **** SW Build 2708876 on Wed Nov  6 21:40:23 MST 2019
  **** IP Build 2700528 on Thu Nov  7 00:09:20 MST 2019
    ** Copyright 1986-2019 Xilinx, Inc. All Rights Reserved.

source Datapath.tcl -notrace
Command: open_checkpoint Datapath_opt.dcp

Starting open_checkpoint Task

Time (s): cpu = 00:00:00 ; elapsed = 00:00:00.037 . Memory (MB): peak = 302.949 ; gain = 0.000
INFO: [Device 21-403] Loading part xc7z010clg400-1
Netlist sorting complete. Time (s): cpu = 00:00:00 ; elapsed = 00:00:00.014 . Memory (MB): peak = 607.000 ; gain = 0.000
INFO: [Netlist 29-17] Analyzing 50 Unisim elements for replacement
INFO: [Netlist 29-28] Unisim Transformation completed in 0 CPU seconds
INFO: [Project 1-479] Netlist was created with Vivado 2019.2
INFO: [Project 1-570] Preparing netlist for logic optimization
Netlist sorting complete. Time (s): cpu = 00:00:00 ; elapsed = 00:00:00.001 . Memory (MB): peak = 692.234 ; gain = 0.000
INFO: [Project 1-111] Unisim Transformation Summary:
  A total of 32 instances were transformed.
  RAM64X1S => RAM64X1S (inverted pins: WCLK) (RAMS64E): 32 instances

INFO: [Project 1-604] Checkpoint was created with Vivado v2019.2 (64-bit) build 2708876
open_checkpoint: Time (s): cpu = 00:00:07 ; elapsed = 00:00:09 . Memory (MB): peak = 693.691 ; gain = 390.742
Command: place_design
Attempting to get a license for feature 'Implementation' and/or device 'xc7z010'
INFO: [Common 17-349] Got license for feature 'Implementation' and/or device 'xc7z010'
INFO: [DRC 23-27] Running DRC with 2 threads
INFO: [Vivado_Tcl 4-198] DRC finished with 0 Errors
INFO: [Vivado_Tcl 4-199] Please refer to the DRC report (report_drc) for more information.
Running DRC as a precondition to command place_design
INFO: [DRC 23-27] Running DRC with 2 threads
INFO: [Vivado_Tcl 4-198] DRC finished with 0 Errors
INFO: [Vivado_Tcl 4-199] Please refer to the DRC report (report_drc) for more information.

Starting Placer Task
INFO: [Place 30-611] Multithreading enabled for place_design using a maximum of 2 CPUs

Phase 1 Placer Initialization

Phase 1.1 Placer Initialization Netlist Sorting
Netlist sorting complete. Time (s): cpu = 00:00:00 ; elapsed = 00:00:00.001 . Memory (MB): peak = 747.578 ; gain = 0.000
Phase 1.1 Placer Initialization Netlist Sorting | Checksum: de9be3a3

Time (s): cpu = 00:00:00 ; elapsed = 00:00:00.008 . Memory (MB): peak = 747.578 ; gain = 0.000
Netlist sorting complete. Time (s): cpu = 00:00:00 ; elapsed = 00:00:00.001 . Memory (MB): peak = 747.578 ; gain = 0.000

Phase 1.2 IO Placement/ Clock Placement/ Build Placer Device
ERROR: [Place 30-415] IO Placement failed due to overutilization. This design contains 445 I/O ports
 while the target  device: 7z010 package: clg400, contains only 230 available user I/O. The target device has 230 usable I/O pins of which 0 are already occupied by user-locked I/Os.
 To rectify this issue:
 1. Ensure you are targeting the correct device and package.  Select a larger device or different package if necessary.
 2. Check the top-level ports of the design to ensure the correct number of ports are specified.
 3. Consider design changes to reduce the number of I/Os necessary.
ERROR: [Place 30-68] Instance b_OBUF[0]_inst (OBUF) is not placed
ERROR: [Place 30-68] Instance b_OBUF[10]_inst (OBUF) is not placed
ERROR: [Place 30-68] Instance b_OBUF[11]_inst (OBUF) is not placed
ERROR: [Place 30-68] Instance b_OBUF[12]_inst (OBUF) is not placed
ERROR: [Place 30-68] Instance b_OBUF[13]_inst (OBUF) is not placed
ERROR: [Place 30-68] Instance b_OBUF[14]_inst (OBUF) is not placed
ERROR: [Place 30-68] Instance b_OBUF[15]_inst (OBUF) is not placed
ERROR: [Place 30-68] Instance b_OBUF[16]_inst (OBUF) is not placed
ERROR: [Place 30-68] Instance b_OBUF[17]_inst (OBUF) is not placed
ERROR: [Place 30-68] Instance b_OBUF[18]_inst (OBUF) is not placed
ERROR: [Place 30-68] Instance b_OBUF[19]_inst (OBUF) is not placed
ERROR: [Place 30-68] Instance b_OBUF[1]_inst (OBUF) is not placed
ERROR: [Place 30-68] Instance b_OBUF[20]_inst (OBUF) is not placed
ERROR: [Place 30-68] Instance b_OBUF[21]_inst (OBUF) is not placed
ERROR: [Place 30-68] Instance b_OBUF[22]_inst (OBUF) is not placed
ERROR: [Place 30-68] Instance b_OBUF[23]_inst (OBUF) is not placed
ERROR: [Place 30-68] Instance b_OBUF[24]_inst (OBUF) is not placed
ERROR: [Place 30-68] Instance b_OBUF[25]_inst (OBUF) is not placed
ERROR: [Place 30-68] Instance b_OBUF[26]_inst (OBUF) is not placed
ERROR: [Place 30-68] Instance b_OBUF[27]_inst (OBUF) is not placed
ERROR: [Place 30-68] Instance b_OBUF[28]_inst (OBUF) is not placed
ERROR: [Place 30-68] Instance b_OBUF[29]_inst (OBUF) is not placed
ERROR: [Place 30-68] Instance b_OBUF[2]_inst (OBUF) is not placed
ERROR: [Place 30-68] Instance b_OBUF[30]_inst (OBUF) is not placed
ERROR: [Place 30-68] Instance b_OBUF[31]_inst (OBUF) is not placed
ERROR: [Place 30-68] Instance b_OBUF[3]_inst (OBUF) is not placed
ERROR: [Place 30-68] Instance b_OBUF[4]_inst (OBUF) is not placed
ERROR: [Place 30-68] Instance b_OBUF[5]_inst (OBUF) is not placed
ERROR: [Place 30-68] Instance b_OBUF[6]_inst (OBUF) is not placed
ERROR: [Place 30-68] Instance b_OBUF[7]_inst (OBUF) is not placed
ERROR: [Place 30-68] Instance b_OBUF[8]_inst (OBUF) is not placed
ERROR: [Place 30-68] Instance b_OBUF[9]_inst (OBUF) is not placed
ERROR: [Place 30-68] Instance clk_IBUF_BUFG_inst (BUFG) is not placed
ERROR: [Place 30-68] Instance clk_IBUF_inst (IBUF) is not placed
ERROR: [Place 30-68] Instance dinstOut_OBUF[0]_inst (OBUF) is not placed
ERROR: [Place 30-68] Instance dinstOut_OBUF[10]_inst (OBUF) is not placed
ERROR: [Place 30-68] Instance dinstOut_OBUF[11]_inst (OBUF) is not placed
ERROR: [Place 30-68] Instance dinstOut_OBUF[12]_inst (OBUF) is not placed
ERROR: [Place 30-68] Instance dinstOut_OBUF[13]_inst (OBUF) is not placed
ERROR: [Place 30-68] Instance dinstOut_OBUF[14]_inst (OBUF) is not placed
ERROR: [Place 30-68] Instance dinstOut_OBUF[15]_inst (OBUF) is not placed
ERROR: [Place 30-68] Instance dinstOut_OBUF[16]_inst (OBUF) is not placed
ERROR: [Place 30-68] Instance dinstOut_OBUF[17]_inst (OBUF) is not placed
ERROR: [Place 30-68] Instance dinstOut_OBUF[18]_inst (OBUF) is not placed
ERROR: [Place 30-68] Instance dinstOut_OBUF[19]_inst (OBUF) is not placed
ERROR: [Place 30-68] Instance dinstOut_OBUF[1]_inst (OBUF) is not placed
ERROR: [Place 30-68] Instance dinstOut_OBUF[20]_inst (OBUF) is not placed
ERROR: [Place 30-68] Instance dinstOut_OBUF[21]_inst (OBUF) is not placed
ERROR: [Place 30-68] Instance dinstOut_OBUF[22]_inst (OBUF) is not placed
ERROR: [Place 30-68] Instance dinstOut_OBUF[23]_inst (OBUF) is not placed
ERROR: [Place 30-68] Instance dinstOut_OBUF[24]_inst (OBUF) is not placed
ERROR: [Place 30-68] Instance dinstOut_OBUF[25]_inst (OBUF) is not placed
ERROR: [Place 30-68] Instance dinstOut_OBUF[26]_inst (OBUF) is not placed
ERROR: [Place 30-68] Instance dinstOut_OBUF[27]_inst (OBUF) is not placed
ERROR: [Place 30-68] Instance dinstOut_OBUF[28]_inst (OBUF) is not placed
ERROR: [Place 30-68] Instance dinstOut_OBUF[29]_inst (OBUF) is not placed
ERROR: [Place 30-68] Instance dinstOut_OBUF[2]_inst (OBUF) is not placed
ERROR: [Place 30-68] Instance dinstOut_OBUF[30]_inst (OBUF) is not placed
ERROR: [Place 30-68] Instance dinstOut_OBUF[31]_inst (OBUF) is not placed
ERROR: [Place 30-68] Instance dinstOut_OBUF[3]_inst (OBUF) is not placed
ERROR: [Place 30-68] Instance dinstOut_OBUF[4]_inst (OBUF) is not placed
ERROR: [Place 30-68] Instance dinstOut_OBUF[5]_inst (OBUF) is not placed
ERROR: [Place 30-68] Instance dinstOut_OBUF[6]_inst (OBUF) is not placed
ERROR: [Place 30-68] Instance dinstOut_OBUF[7]_inst (OBUF) is not placed
ERROR: [Place 30-68] Instance dinstOut_OBUF[8]_inst (OBUF) is not placed
ERROR: [Place 30-68] Instance dinstOut_OBUF[9]_inst (OBUF) is not placed
ERROR: [Place 30-68] Instance ealuc_OBUF[0]_inst (OBUF) is not placed
ERROR: [Place 30-68] Instance ealuc_OBUF[1]_inst (OBUF) is not placed
ERROR: [Place 30-68] Instance ealuc_OBUF[2]_inst (OBUF) is not placed
ERROR: [Place 30-68] Instance ealuc_OBUF[3]_inst (OBUF) is not placed
ERROR: [Place 30-68] Instance ealuimm_OBUF_inst (OBUF) is not placed
ERROR: [Place 30-68] Instance edestReg_OBUF[0]_inst (OBUF) is not placed
ERROR: [Place 30-68] Instance edestReg_OBUF[1]_inst (OBUF) is not placed
ERROR: [Place 30-68] Instance edestReg_OBUF[2]_inst (OBUF) is not placed
ERROR: [Place 30-68] Instance edestReg_OBUF[3]_inst (OBUF) is not placed
ERROR: [Place 30-68] Instance edestReg_OBUF[4]_inst (OBUF) is not placed
ERROR: [Place 30-68] Instance eimm32_OBUF[0]_inst (OBUF) is not placed
ERROR: [Place 30-68] Instance eimm32_OBUF[10]_inst (OBUF) is not placed
ERROR: [Place 30-68] Instance eimm32_OBUF[11]_inst (OBUF) is not placed
ERROR: [Place 30-68] Instance eimm32_OBUF[12]_inst (OBUF) is not placed
ERROR: [Place 30-68] Instance eimm32_OBUF[13]_inst (OBUF) is not placed
ERROR: [Place 30-68] Instance eimm32_OBUF[14]_inst (OBUF) is not placed
ERROR: [Place 30-68] Instance eimm32_OBUF[15]_inst (OBUF) is not placed
ERROR: [Place 30-68] Instance eimm32_OBUF[16]_inst (OBUF) is not placed
ERROR: [Place 30-68] Instance eimm32_OBUF[17]_inst (OBUF) is not placed
ERROR: [Place 30-68] Instance eimm32_OBUF[18]_inst (OBUF) is not placed
ERROR: [Place 30-68] Instance eimm32_OBUF[19]_inst (OBUF) is not placed
ERROR: [Place 30-68] Instance eimm32_OBUF[1]_inst (OBUF) is not placed
ERROR: [Place 30-68] Instance eimm32_OBUF[20]_inst (OBUF) is not placed
ERROR: [Place 30-68] Instance eimm32_OBUF[21]_inst (OBUF) is not placed
ERROR: [Place 30-68] Instance eimm32_OBUF[22]_inst (OBUF) is not placed
ERROR: [Place 30-68] Instance eimm32_OBUF[23]_inst (OBUF) is not placed
ERROR: [Place 30-68] Instance eimm32_OBUF[24]_inst (OBUF) is not placed
ERROR: [Place 30-68] Instance eimm32_OBUF[25]_inst (OBUF) is not placed
ERROR: [Place 30-68] Instance eimm32_OBUF[26]_inst (OBUF) is not placed
ERROR: [Place 30-68] Instance eimm32_OBUF[27]_inst (OBUF) is not placed
ERROR: [Place 30-68] Instance eimm32_OBUF[28]_inst (OBUF) is not placed
ERROR: [Place 30-68] Instance eimm32_OBUF[29]_inst (OBUF) is not placed
ERROR: [Place 30-68] Instance eimm32_OBUF[2]_inst (OBUF) is not placed
ERROR: [Place 30-68] Instance eimm32_OBUF[30]_inst (OBUF) is not placed
INFO: [Common 17-14] Message 'Place 30-68' appears 100 times and further instances of the messages will be disabled. Use the Tcl command set_msg_config to change the current settings.
Phase 1.2 IO Placement/ Clock Placement/ Build Placer Device | Checksum: af1022b1

Time (s): cpu = 00:00:01 ; elapsed = 00:00:00.380 . Memory (MB): peak = 747.578 ; gain = 0.000
Phase 1 Placer Initialization | Checksum: af1022b1

Time (s): cpu = 00:00:01 ; elapsed = 00:00:00.381 . Memory (MB): peak = 747.578 ; gain = 0.000
ERROR: [Place 30-99] Placer failed with error: 'IO Clock Placer failed'
Please review all ERROR, CRITICAL WARNING, and WARNING messages during placement to understand the cause for failure.
Ending Placer Task | Checksum: af1022b1

Time (s): cpu = 00:00:01 ; elapsed = 00:00:00.381 . Memory (MB): peak = 747.578 ; gain = 0.000
INFO: [Common 17-83] Releasing license: Implementation
17 Infos, 0 Warnings, 0 Critical Warnings and 103 Errors encountered.
place_design failed
ERROR: [Common 17-69] Command failed: Placer could not place all instances
INFO: [Common 17-206] Exiting Vivado at Sat Apr  9 14:24:04 2022...
